=== Lexio Study Player — build canónica ===
[1/5] py_compile (lexio_player.py, scene_agent.py, i18n.py)...
[2/5] versão = 3.9.2 (version.txt sincronizado)
[3/5] PyInstaller (pode demorar alguns minutos)...
369 INFO: PyInstaller: 6.20.0, contrib hooks: 2026.5
370 INFO: Python: 3.14.0
420 INFO: Platform: Windows-10-10.0.19045-SP0
420 INFO: Python environment: C:\Python314
433 INFO: Removing temporary files and cleaning cache in C:\Users\tchic\AppData\Local\pyinstaller
3983 INFO: Module search paths (PYTHONPATH):
['C:\\Users\\tchic\\lexio-player',
 'C:\\Python314\\python314.zip',
 'C:\\Python314\\DLLs',
 'C:\\Python314\\Lib',
 'C:\\Python314',
 'C:\\Users\\tchic\\AppData\\Roaming\\Python\\Python314\\site-packages',
 'C:\\Users\\tchic\\AppData\\Roaming\\Python\\Python314\\site-packages\\win32',
 'C:\\Users\\tchic\\AppData\\Roaming\\Python\\Python314\\site-packages\\win32\\lib',
 'C:\\Users\\tchic\\AppData\\Roaming\\Python\\Python314\\site-packages\\Pythonwin',
 'C:\\Python314\\Lib\\site-packages',
 'C:\\Users\\tchic\\lexio-player']
4913 INFO: Appending 'binaries' from .spec
4914 INFO: Appending 'datas' from .spec
4916 INFO: checking Analysis
4916 INFO: Building Analysis because Analysis-00.toc is non existent
4916 INFO: Looking for Python shared library...
4916 INFO: Using Python shared library: C:\Python314\python314.dll
4917 INFO: Running Analysis Analysis-00.toc
4917 INFO: Target bytecode optimization level: 0
4917 INFO: Initializing module dependency graph...
4919 INFO: Initializing module graph hook caches...
4957 INFO: Analyzing modules for base_library.zip ...
8526 INFO: Processing standard module hook 'hook-encodings.py' from 'C:\\Users\\tchic\\AppData\\Roaming\\Python\\Python314\\site-packages\\PyInstaller\\hooks'
9632 INFO: Processing standard module hook 'hook-pickle.py' from 'C:\\Users\\tchic\\AppData\\Roaming\\Python\\Python314\\site-packages\\PyInstaller\\hooks'
10493 INFO: Processing standard module hook 'hook-difflib.py' from 'C:\\Users\\tchic\\AppData\\Roaming\\Python\\Python314\\site-packages\\PyInstaller\\hooks'
10528 INFO: Processing standard module hook 'hook-heapq.py' from 'C:\\Users\\tchic\\AppData\\Roaming\\Python\\Python314\\site-packages\\PyInstaller\\hooks'
16931 INFO: Caching module dependency graph...
17061 INFO: Analyzing C:\Users\tchic\lexio-player\lexio_player.py
18446 INFO: Processing standard module hook 'hook-_ctypes.py' from 'C:\\Users\\tchic\\AppData\\Roaming\\Python\\Python314\\site-packages\\PyInstaller\\hooks'
18868 INFO: Processing standard module hook 'hook-PyQt5.py' from 'C:\\Users\\tchic\\AppData\\Roaming\\Python\\Python314\\site-packages\\PyInstaller\\hooks'
22036 INFO: Processing standard module hook 'hook-PyQt5.QtCore.py' from 'C:\\Users\\tchic\\AppData\\Roaming\\Python\\Python314\\site-packages\\PyInstaller\\hooks'
31519 INFO: Processing standard module hook 'hook-PyQt5.QtWidgets.py' from 'C:\\Users\\tchic\\AppData\\Roaming\\Python\\Python314\\site-packages\\PyInstaller\\hooks'
46383 INFO: Processing standard module hook 'hook-PyQt5.QtGui.py' from 'C:\\Users\\tchic\\AppData\\Roaming\\Python\\Python314\\site-packages\\PyInstaller\\hooks'
106477 INFO: Processing standard module hook 'hook-PyQt5.QtWebEngineWidgets.py' from 'C:\\Users\\tchic\\AppData\\Roaming\\Python\\Python314\\site-packages\\PyInstaller\\hooks'
109137 INFO: Processing standard module hook 'hook-PyQt5.QtNetwork.py' from 'C:\\Users\\tchic\\AppData\\Roaming\\Python\\Python314\\site-packages\\PyInstaller\\hooks'
113075 INFO: Processing standard module hook 'hook-PyQt5.QtPrintSupport.py' from 'C:\\Users\\tchic\\AppData\\Roaming\\Python\\Python314\\site-packages\\PyInstaller\\hooks'
116037 INFO: Processing standard module hook 'hook-PyQt5.QtWebEngineCore.py' from 'C:\\Users\\tchic\\AppData\\Roaming\\Python\\Python314\\site-packages\\PyInstaller\\hooks'
121208 INFO: Processing standard module hook 'hook-PyQt5.QtWebChannel.py' from 'C:\\Users\\tchic\\AppData\\Roaming\\Python\\Python314\\site-packages\\PyInstaller\\hooks'
123158 INFO: Processing standard module hook 'hook-platform.py' from 'C:\\Users\\tchic\\AppData\\Roaming\\Python\\Python314\\site-packages\\PyInstaller\\hooks'
123617 INFO: Processing standard module hook 'hook-multiprocessing.util.py' from 'C:\\Users\\tchic\\AppData\\Roaming\\Python\\Python314\\site-packages\\PyInstaller\\hooks'
123858 INFO: Processing standard module hook 'hook-xml.py' from 'C:\\Users\\tchic\\AppData\\Roaming\\Python\\Python314\\site-packages\\PyInstaller\\hooks'
126144 INFO: Processing pre-safe-import-module hook 'hook-typing_extensions.py' from 'C:\\Users\\tchic\\AppData\\Roaming\\Python\\Python314\\site-packages\\PyInstaller\\hooks\\pre_safe_import_module'
126146 INFO: SetuptoolsInfo: initializing cached setuptools info...
129369 INFO: Processing standard module hook 'hook-pydantic.py' from 'C:\\Users\\tchic\\AppData\\Roaming\\Python\\Python314\\site-packages\\_pyinstaller_hooks_contrib\\stdhooks'
131033 INFO: Processing standard module hook 'hook-rich.py' from 'C:\\Users\\tchic\\AppData\\Roaming\\Python\\Python314\\site-packages\\_pyinstaller_hooks_contrib\\stdhooks'
133365 INFO: Processing standard module hook 'hook-IPython.py' from 'C:\\Users\\tchic\\AppData\\Roaming\\Python\\Python314\\site-packages\\_pyinstaller_hooks_contrib\\stdhooks'
139312 INFO: Processing standard module hook 'hook-xml.dom.domreg.py' from 'C:\\Users\\tchic\\AppData\\Roaming\\Python\\Python314\\site-packages\\PyInstaller\\hooks'
140966 INFO: Processing standard module hook 'hook-sysconfig.py' from 'C:\\Users\\tchic\\AppData\\Roaming\\Python\\Python314\\site-packages\\PyInstaller\\hooks'
143357 INFO: Processing standard module hook 'hook-pycparser.py' from 'C:\\Users\\tchic\\AppData\\Roaming\\Python\\Python314\\site-packages\\_pyinstaller_hooks_contrib\\stdhooks'
145031 INFO: Processing standard module hook 'hook-setuptools.py' from 'C:\\Users\\tchic\\AppData\\Roaming\\Python\\Python314\\site-packages\\PyInstaller\\hooks'
145059 INFO: Processing pre-safe-import-module hook 'hook-distutils.py' from 'C:\\Users\\tchic\\AppData\\Roaming\\Python\\Python314\\site-packages\\PyInstaller\\hooks\\pre_safe_import_module'
145131 INFO: Processing pre-safe-import-module hook 'hook-jaraco.py' from 'C:\\Users\\tchic\\AppData\\Roaming\\Python\\Python314\\site-packages\\PyInstaller\\hooks\\pre_safe_import_module'
145132 INFO: Setuptools: 'jaraco' appears to be a partial setuptools-vendored copy - extending search paths to ['C:\\Python314\\Lib\\site-packages\\jaraco', 'C:\\Users\\tchic\\AppData\\Roaming\\Python\\Python314\\site-packages\\setuptools\\_vendor\\jaraco']!
145134 INFO: Processing pre-safe-import-module hook 'hook-jaraco.functools.py' from 'C:\\Users\\tchic\\AppData\\Roaming\\Python\\Python314\\site-packages\\PyInstaller\\hooks\\pre_safe_import_module'
145159 INFO: Processing pre-safe-import-module hook 'hook-more_itertools.py' from 'C:\\Users\\tchic\\AppData\\Roaming\\Python\\Python314\\site-packages\\PyInstaller\\hooks\\pre_safe_import_module'
145706 INFO: Processing pre-safe-import-module hook 'hook-packaging.py' from 'C:\\Users\\tchic\\AppData\\Roaming\\Python\\Python314\\site-packages\\PyInstaller\\hooks\\pre_safe_import_module'
146079 INFO: Processing pre-safe-import-module hook 'hook-jaraco.text.py' from 'C:\\Users\\tchic\\AppData\\Roaming\\Python\\Python314\\site-packages\\PyInstaller\\hooks\\pre_safe_import_module'
146080 INFO: Setuptools: 'jaraco.text' appears to be a setuptools-vendored copy - creating alias to 'setuptools._vendor.jaraco.text'!
146110 INFO: Processing standard module hook 'hook-setuptools._vendor.jaraco.text.py' from 'C:\\Users\\tchic\\AppData\\Roaming\\Python\\Python314\\site-packages\\PyInstaller\\hooks'
146112 INFO: Processing pre-safe-import-module hook 'hook-importlib_resources.py' from 'C:\\Users\\tchic\\AppData\\Roaming\\Python\\Python314\\site-packages\\PyInstaller\\hooks\\pre_safe_import_module'
146114 INFO: Processing pre-safe-import-module hook 'hook-jaraco.context.py' from 'C:\\Users\\tchic\\AppData\\Roaming\\Python\\Python314\\site-packages\\PyInstaller\\hooks\\pre_safe_import_module'
146139 INFO: Processing pre-safe-import-module hook 'hook-backports.py' from 'C:\\Users\\tchic\\AppData\\Roaming\\Python\\Python314\\site-packages\\PyInstaller\\hooks\\pre_safe_import_module'
146140 INFO: Setuptools: 'backports' appears to be a full setuptools-vendored copy - creating alias to 'setuptools._vendor.backports'!
146543 INFO: Processing pre-safe-import-module hook 'hook-importlib_metadata.py' from 'C:\\Users\\tchic\\AppData\\Roaming\\Python\\Python314\\site-packages\\PyInstaller\\hooks\\pre_safe_import_module'
146610 INFO: Processing standard module hook 'hook-importlib_metadata.py' from 'C:\\Users\\tchic\\AppData\\Roaming\\Python\\Python314\\site-packages\\PyInstaller\\hooks'
146676 INFO: Processing pre-safe-import-module hook 'hook-zipp.py' from 'C:\\Users\\tchic\\AppData\\Roaming\\Python\\Python314\\site-packages\\PyInstaller\\hooks\\pre_safe_import_module'
147215 INFO: Processing pre-safe-import-module hook 'hook-tomli.py' from 'C:\\Users\\tchic\\AppData\\Roaming\\Python\\Python314\\site-packages\\PyInstaller\\hooks\\pre_safe_import_module'
148435 INFO: Processing pre-safe-import-module hook 'hook-wheel.py' from 'C:\\Users\\tchic\\AppData\\Roaming\\Python\\Python314\\site-packages\\PyInstaller\\hooks\\pre_safe_import_module'
148435 INFO: Setuptools: 'wheel' appears to be a setuptools-vendored copy - creating alias to 'setuptools._vendor.wheel'!
152128 INFO: Processing standard module hook 'hook-wcwidth.py' from 'C:\\Users\\tchic\\AppData\\Roaming\\Python\\Python314\\site-packages\\PyInstaller\\hooks'
154750 INFO: Processing standard module hook 'hook-jedi.py' from 'C:\\Users\\tchic\\AppData\\Roaming\\Python\\Python314\\site-packages\\_pyinstaller_hooks_contrib\\stdhooks'
158057 INFO: Processing standard module hook 'hook-parso.py' from 'C:\\Users\\tchic\\AppData\\Roaming\\Python\\Python314\\site-packages\\_pyinstaller_hooks_contrib\\stdhooks'
160843 INFO: Processing standard module hook 'hook-pkg_resources.py' from 'C:\\Users\\tchic\\AppData\\Roaming\\Python\\Python314\\site-packages\\PyInstaller\\hooks'
161482 INFO: Processing pre-safe-import-module hook 'hook-platformdirs.py' from 'C:\\Users\\tchic\\AppData\\Roaming\\Python\\Python314\\site-packages\\PyInstaller\\hooks\\pre_safe_import_module'
161505 INFO: Processing standard module hook 'hook-platformdirs.py' from 'C:\\Users\\tchic\\AppData\\Roaming\\Python\\Python314\\site-packages\\_pyinstaller_hooks_contrib\\stdhooks'
162477 INFO: Processing standard module hook 'hook-sqlite3.py' from 'C:\\Users\\tchic\\AppData\\Roaming\\Python\\Python314\\site-packages\\PyInstaller\\hooks'
164865 INFO: Processing standard module hook 'hook-dateutil.py' from 'C:\\Users\\tchic\\AppData\\Roaming\\Python\\Python314\\site-packages\\_pyinstaller_hooks_contrib\\stdhooks'
165244 INFO: Processing pre-safe-import-module hook 'hook-six.moves.py' from 'C:\\Users\\tchic\\AppData\\Roaming\\Python\\Python314\\site-packages\\PyInstaller\\hooks\\pre_safe_import_module'
166083 INFO: Processing standard module hook 'hook-psutil.py' from 'C:\\Users\\tchic\\AppData\\Roaming\\Python\\Python314\\site-packages\\_pyinstaller_hooks_contrib\\stdhooks'
166974 INFO: Processing pre-safe-import-module hook 'hook-gi.py' from 'C:\\Users\\tchic\\AppData\\Roaming\\Python\\Python314\\site-packages\\PyInstaller\\hooks\\pre_safe_import_module'
168751 INFO: Processing standard module hook 'hook-zoneinfo.py' from 'C:\\Users\\tchic\\AppData\\Roaming\\Python\\Python314\\site-packages\\_pyinstaller_hooks_contrib\\stdhooks'
170069 INFO: Processing standard module hook 'hook-certifi.py' from 'C:\\Users\\tchic\\AppData\\Roaming\\Python\\Python314\\site-packages\\_pyinstaller_hooks_contrib\\stdhooks'
170125 INFO: Processing standard module hook 'hook-anyio.py' from 'C:\\Users\\tchic\\AppData\\Roaming\\Python\\Python314\\site-packages\\_pyinstaller_hooks_contrib\\stdhooks'
175511 INFO: Processing standard module hook 'hook-dns.rdata.py' from 'C:\\Users\\tchic\\AppData\\Roaming\\Python\\Python314\\site-packages\\_pyinstaller_hooks_contrib\\stdhooks'
177454 INFO: Processing standard module hook 'hook-pythoncom.py' from 'C:\\Users\\tchic\\AppData\\Roaming\\Python\\Python314\\site-packages\\_pyinstaller_hooks_contrib\\stdhooks'
177660 INFO: Processing standard module hook 'hook-pywintypes.py' from 'C:\\Users\\tchic\\AppData\\Roaming\\Python\\Python314\\site-packages\\_pyinstaller_hooks_contrib\\stdhooks'
181605 INFO: Analyzing hidden import 'edge_tts.__main__'
181777 INFO: Processing module hooks (post-graph stage)...
184112 INFO: Processing standard module hook 'hook-PyQt5.QtQuick.py' from 'C:\\Users\\tchic\\AppData\\Roaming\\Python\\Python314\\site-packages\\PyInstaller\\hooks'
186394 INFO: Processing standard module hook 'hook-PyQt5.QtQml.py' from 'C:\\Users\\tchic\\AppData\\Roaming\\Python\\Python314\\site-packages\\PyInstaller\\hooks'
227601 INFO: Processing standard module hook 'hook-PyQt5.QtPositioning.py' from 'C:\\Users\\tchic\\AppData\\Roaming\\Python\\Python314\\site-packages\\PyInstaller\\hooks'
230690 INFO: Processing standard module hook 'hook-PyQt5.QtQuickWidgets.py' from 'C:\\Users\\tchic\\AppData\\Roaming\\Python\\Python314\\site-packages\\PyInstaller\\hooks'
232186 INFO: Processing standard module hook 'hook-tzdata.py' from 'C:\\Users\\tchic\\AppData\\Roaming\\Python\\Python314\\site-packages\\_pyinstaller_hooks_contrib\\stdhooks'
233538 INFO: Performing binary vs. data reclassification (3931 entries)
234714 INFO: Looking for ctypes DLLs
235399 INFO: Analyzing run-time hooks ...
235414 INFO: Including run-time hook 'pyi_rth_inspect.py' from 'C:\\Users\\tchic\\AppData\\Roaming\\Python\\Python314\\site-packages\\PyInstaller\\hooks\\rthooks'
235420 INFO: Including run-time hook 'pyi_rth_pythoncom.py' from 'C:\\Users\\tchic\\AppData\\Roaming\\Python\\Python314\\site-packages\\_pyinstaller_hooks_contrib\\rthooks'
235422 INFO: Including run-time hook 'pyi_rth_pywintypes.py' from 'C:\\Users\\tchic\\AppData\\Roaming\\Python\\Python314\\site-packages\\_pyinstaller_hooks_contrib\\rthooks'
235423 INFO: Including run-time hook 'pyi_rth_pkgutil.py' from 'C:\\Users\\tchic\\AppData\\Roaming\\Python\\Python314\\site-packages\\PyInstaller\\hooks\\rthooks'
235430 INFO: Including run-time hook 'pyi_rth_multiprocessing.py' from 'C:\\Users\\tchic\\AppData\\Roaming\\Python\\Python314\\site-packages\\PyInstaller\\hooks\\rthooks'
235436 INFO: Including run-time hook 'pyi_rth_setuptools.py' from 'C:\\Users\\tchic\\AppData\\Roaming\\Python\\Python314\\site-packages\\PyInstaller\\hooks\\rthooks'
235439 INFO: Including run-time hook 'pyi_rth_traitlets.py' from 'C:\\Users\\tchic\\AppData\\Roaming\\Python\\Python314\\site-packages\\_pyinstaller_hooks_contrib\\rthooks'
235440 INFO: Including run-time hook 'pyi_rth_pkgres.py' from 'C:\\Users\\tchic\\AppData\\Roaming\\Python\\Python314\\site-packages\\PyInstaller\\hooks\\rthooks'
235453 INFO: Including run-time hook 'pyi_rth_pyqt5.py' from 'C:\\Users\\tchic\\AppData\\Roaming\\Python\\Python314\\site-packages\\PyInstaller\\hooks\\rthooks'
235456 INFO: Processing pre-find-module-path hook 'hook-_pyi_rth_utils.py' from 'C:\\Users\\tchic\\AppData\\Roaming\\Python\\Python314\\site-packages\\PyInstaller\\hooks\\pre_find_module_path'
235462 INFO: Processing standard module hook 'hook-_pyi_rth_utils.py' from 'C:\\Users\\tchic\\AppData\\Roaming\\Python\\Python314\\site-packages\\PyInstaller\\hooks'
235690 INFO: Creating base_library.zip...
235739 INFO: Looking for dynamic libraries
C:\Users\tchic\AppData\Roaming\Python\Python314\site-packages\PyInstaller\building\build_main.py:227: UserWarning: pkg_resources is deprecated as an API. See https://setuptools.pypa.io/en/latest/pkg_resources.html. The pkg_resources package is slated for removal as early as 2025-11-30. Refrain from using this package or pin to Setuptools<81.
  __import__(package)
0.01s - Debugger warning: It seems that frozen modules are being used, which may
0.00s - make the debugger miss breakpoints. Please pass -Xfrozen_modules=off
0.00s - to python to disable frozen modules.
0.00s - Note: Debugging will proceed. Set PYDEVD_DISABLE_FILE_VALIDATION=1 to disable this validation.
242973 INFO: Extra DLL search directories (AddDllDirectory): ['C:\\Users\\tchic\\AppData\\Roaming\\Python\\Python314\\site-packages\\PyQt5\\Qt5\\bin']
242973 INFO: Extra DLL search directories (PATH): ['C:\\Users\\tchic\\AppData\\Roaming\\Python\\Python314\\site-packages\\PyQt5\\Qt5\\bin']
251208 INFO: Warnings written to C:\Users\tchic\lexio-player\build\LexioStudyPlayer\warn-LexioStudyPlayer.txt
251482 INFO: Graph cross-reference written to C:\Users\tchic\lexio-player\build\LexioStudyPlayer\xref-LexioStudyPlayer.html
251720 INFO: checking Tree
251720 INFO: Building Tree because Tree-00.toc is non existent
251720 INFO: Building Tree Tree-00.toc
251827 INFO: checking PYZ
251827 INFO: Building PYZ because PYZ-00.toc is non existent
251827 INFO: Building PYZ (ZlibArchive) C:\Users\tchic\lexio-player\build\LexioStudyPlayer\PYZ-00.pyz
253440 INFO: Building PYZ (ZlibArchive) C:\Users\tchic\lexio-player\build\LexioStudyPlayer\PYZ-00.pyz completed successfully.
253508 INFO: checking PKG
253508 INFO: Building PKG because PKG-00.toc is non existent
253508 INFO: Building PKG (CArchive) LexioStudyPlayer.pkg
254007 INFO: Building PKG (CArchive) LexioStudyPlayer.pkg completed successfully.
254009 INFO: Bootloader C:\Users\tchic\AppData\Roaming\Python\Python314\site-packages\PyInstaller\bootloader\Windows-64bit-intel\runw.exe
254009 INFO: checking EXE
254009 INFO: Building EXE because EXE-00.toc is non existent
254009 INFO: Building EXE from EXE-00.toc
254010 INFO: Copying bootloader EXE to C:\Users\tchic\lexio-player\build\LexioStudyPlayer\LexioStudyPlayer.exe
254018 INFO: Copying icon to EXE
254025 INFO: Copying 0 resources to EXE
254025 INFO: Embedding manifest in EXE
254031 INFO: Appending PKG archive to EXE
254057 INFO: Fixing EXE headers
254220 INFO: Building EXE from EXE-00.toc completed successfully.
254284 INFO: checking COLLECT
254284 INFO: Building COLLECT because COLLECT-00.toc is non existent
254284 INFO: Removing dir C:\Users\tchic\lexio-player\dist\LexioStudyPlayer
256834 INFO: Building COLLECT COLLECT-00.toc
268192 INFO: Building COLLECT COLLECT-00.toc completed successfully.
268371 INFO: Build complete! The results are available in: C:\Users\tchic\lexio-player\dist
[4/5] Inno Setup (ISCC)...

Successful compile (189.797 sec). Resulting Setup program filename is:
C:\Users\tchic\lexio-player\installer\LexioStudyPlayer-3.9.2-Setup.exe
[5/5] OK → installer/LexioStudyPlayer-3.9.2-Setup.exe
         135479309 bytes   Jun 16 00:15
>>> Para instalar: ./build.sh --install   (ou dá duplo-clique em installer/LexioStudyPlayer-3.9.2-Setup.exe)
=== Feito (v3.9.2) ===
